<?xml version="1.0" encoding="UTF-8"?>
<!-- Generated by org.testng.reporters.JUnitReportReporter -->
<testsuite hostname="DESKTOP-NMCT7KP" failures="0" tests="1" name="com.TestCase.searchProduct" time="5.195" errors="0" timestamp="2024-07-04T15:00:17 IST" skipped="0">
  <testcase classname="com.TestCase.searchProduct" name="serachProducts" time="5.195"/>
</testsuite> <!-- com.TestCase.searchProduct -->
