<?xml version="1.0" encoding="UTF-8"?>
<!-- Generated by org.testng.reporters.JUnitReportReporter -->
<testsuite hostname="DESKTOP-NMCT7KP" failures="0" tests="1" name="com.TestCase.indexPage" time="13.382" errors="0" timestamp="2024-07-06T10:26:24 IST" skipped="0">
  <testcase classname="com.TestCase.indexPage" name="VerifyRegister" time="13.382"/>
</testsuite> <!-- com.TestCase.indexPage -->
