<?xml version="1.0" encoding="UTF-8"?>
<!-- Generated by org.testng.reporters.JUnitReportReporter -->
<testsuite hostname="DESKTOP-NMCT7KP" failures="0" tests="1" name="com.TestCase.buyProduct" time="6.180" errors="0" timestamp="2024-07-04T15:00:17 IST" skipped="0">
  <testcase classname="com.TestCase.buyProduct" name="BuyProduct" time="6.180"/>
</testsuite> <!-- com.TestCase.buyProduct -->
