<?xml version="1.0" encoding="UTF-8"?>
<!-- Generated by org.testng.reporters.JUnitReportReporter -->
<testsuite hostname="DESKTOP-NMCT7KP" failures="0" tests="1" name="com.TestCase.buyProduct" time="6.471" errors="0" timestamp="2024-07-05T11:17:00 IST" skipped="0">
  <testcase classname="com.TestCase.buyProduct" name="BuyProduct" time="6.471"/>
</testsuite> <!-- com.TestCase.buyProduct -->
