<?xml version="1.0" encoding="UTF-8"?>
<!-- Generated by org.testng.reporters.JUnitReportReporter -->
<testsuite hostname="DESKTOP-NMCT7KP" failures="0" tests="1" name="com.TestCase.indexPage" time="12.985" errors="0" timestamp="2024-07-05T11:17:00 IST" skipped="0">
  <testcase classname="com.TestCase.indexPage" name="VerifyRegister" time="12.985"/>
</testsuite> <!-- com.TestCase.indexPage -->
