<?xml version="1.0" encoding="UTF-8"?>
<!-- Generated by org.testng.reporters.JUnitReportReporter -->
<testsuite hostname="DESKTOP-NMCT7KP" failures="0" tests="1" name="com.TestCase.searchProduct" time="8.502" errors="0" timestamp="2024-07-05T11:17:00 IST" skipped="0">
  <testcase classname="com.TestCase.searchProduct" name="serachProducts" time="8.502"/>
</testsuite> <!-- com.TestCase.searchProduct -->
